<?xml version="1.0" encoding="UTF-8"?>
<testsuite xmlns:xsi="http://www.w3.org/2001/XMLSchema-instance" xsi:noNamespaceSchemaLocation="https://maven.apache.org/surefire/maven-surefire-plugin/xsd/surefire-test-report.xsd" name="com.example.AppTest" time="0.056" tests="1" errors="0" skipped="0" failures="0">
  <properties>
    <property name="awt.toolkit" value="sun.awt.X11.XToolkit"/>
    <property name="java.specification.version" value="11"/>
    <property name="sun.cpu.isalist" value=""/>
    <property name="sun.jnu.encoding" value="UTF-8"/>
    <property name="java.class.path" value="/home/opc/f1-game-listener/demo/target/test-classes:/home/opc/f1-game-listener/demo/target/classes:/home/opc/.m2/repository/com/oracle/ojdbc/ojdbc8/19.3.0.0/ojdbc8-19.3.0.0.jar:/home/opc/.m2/repository/com/oracle/ojdbc/ucp/19.3.0.0/ucp-19.3.0.0.jar:/home/opc/.m2/repository/com/oracle/ojdbc/oraclepki/19.3.0.0/oraclepki-19.3.0.0.jar:/home/opc/.m2/repository/com/oracle/ojdbc/osdt_cert/19.3.0.0/osdt_cert-19.3.0.0.jar:/home/opc/.m2/repository/com/oracle/ojdbc/osdt_core/19.3.0.0/osdt_core-19.3.0.0.jar:/home/opc/.m2/repository/com/oracle/ojdbc/simplefan/19.3.0.0/simplefan-19.3.0.0.jar:/home/opc/.m2/repository/com/oracle/ojdbc/ons/19.3.0.0/ons-19.3.0.0.jar:/home/opc/.m2/repository/com/oracle/ojdbc/ojdbc10/19.3.0.0/ojdbc10-19.3.0.0.jar:/home/opc/.m2/repository/com/google/code/gson/gson/2.9.0/gson-2.9.0.jar:/home/opc/.m2/repository/com/fasterxml/jackson/core/jackson-databind/2.11.1/jackson-databind-2.11.1.jar:/home/opc/.m2/repository/com/fasterxml/jackson/core/jackson-annotations/2.11.1/jackson-annotations-2.11.1.jar:/home/opc/.m2/repository/com/fasterxml/jackson/core/jackson-core/2.11.1/jackson-core-2.11.1.jar:/home/opc/.m2/repository/org/httpobjects/apache-httpclient-4/x/httpobjects-apache-httpclient-4.x/0.27.0/httpobjects-apache-httpclient-4.x-0.27.0.jar:/home/opc/.m2/repository/org/httpobjects/client/httpobjects-client/0.27.0/httpobjects-client-0.27.0.jar:/home/opc/.m2/repository/org/httpobjects/httpobjects/0.27.0/httpobjects-0.27.0.jar:/home/opc/.m2/repository/junit/junit/4.11/junit-4.11.jar:/home/opc/.m2/repository/org/hamcrest/hamcrest-core/1.3/hamcrest-core-1.3.jar:/home/opc/.m2/repository/org/apache/httpcomponents/httpclient/4.5.9/httpclient-4.5.9.jar:/home/opc/.m2/repository/commons-logging/commons-logging/1.2/commons-logging-1.2.jar:/home/opc/.m2/repository/commons-codec/commons-codec/1.11/commons-codec-1.11.jar:/home/opc/.m2/repository/org/apache/httpcomponents/httpcore/4.4.11/httpcore-4.4.11.jar:/home/opc/.m2/repository/org/apache/tomcat/embed/tomcat-embed-core/9.0.24/tomcat-embed-core-9.0.24.jar:/home/opc/.m2/repository/org/apache/tomcat/tomcat-annotations-api/9.0.24/tomcat-annotations-api-9.0.24.jar:/home/opc/.m2/repository/org/json/json/20190722/json-20190722.jar:/home/opc/.m2/repository/net/sf/opencsv/opencsv/2.3/opencsv-2.3.jar:"/>
    <property name="java.vm.vendor" value="Red Hat, Inc."/>
    <property name="sun.arch.data.model" value="64"/>
    <property name="java.vendor.url" value="https://www.redhat.com/"/>
    <property name="user.timezone" value=""/>
    <property name="java.vm.specification.version" value="11"/>
    <property name="os.name" value="Linux"/>
    <property name="sun.java.launcher" value="SUN_STANDARD"/>
    <property name="user.country" value="US"/>
    <property name="sun.boot.library.path" value="/usr/lib/jvm/java-11-openjdk-11.0.14.1.1-1.0.1.el7_9.x86_64/lib"/>
    <property name="sun.java.command" value="/home/opc/f1-game-listener/demo/target/surefire/surefirebooter2248210601277804654.jar /home/opc/f1-game-listener/demo/target/surefire 2022-03-22T17-38-38_146-jvmRun1 surefire17320923097582647758tmp surefire_012909497361985886122tmp"/>
    <property name="jdk.debug" value="release"/>
    <property name="surefire.test.class.path" value="/home/opc/f1-game-listener/demo/target/test-classes:/home/opc/f1-game-listener/demo/target/classes:/home/opc/.m2/repository/com/oracle/ojdbc/ojdbc8/19.3.0.0/ojdbc8-19.3.0.0.jar:/home/opc/.m2/repository/com/oracle/ojdbc/ucp/19.3.0.0/ucp-19.3.0.0.jar:/home/opc/.m2/repository/com/oracle/ojdbc/oraclepki/19.3.0.0/oraclepki-19.3.0.0.jar:/home/opc/.m2/repository/com/oracle/ojdbc/osdt_cert/19.3.0.0/osdt_cert-19.3.0.0.jar:/home/opc/.m2/repository/com/oracle/ojdbc/osdt_core/19.3.0.0/osdt_core-19.3.0.0.jar:/home/opc/.m2/repository/com/oracle/ojdbc/simplefan/19.3.0.0/simplefan-19.3.0.0.jar:/home/opc/.m2/repository/com/oracle/ojdbc/ons/19.3.0.0/ons-19.3.0.0.jar:/home/opc/.m2/repository/com/oracle/ojdbc/ojdbc10/19.3.0.0/ojdbc10-19.3.0.0.jar:/home/opc/.m2/repository/com/google/code/gson/gson/2.9.0/gson-2.9.0.jar:/home/opc/.m2/repository/com/fasterxml/jackson/core/jackson-databind/2.11.1/jackson-databind-2.11.1.jar:/home/opc/.m2/repository/com/fasterxml/jackson/core/jackson-annotations/2.11.1/jackson-annotations-2.11.1.jar:/home/opc/.m2/repository/com/fasterxml/jackson/core/jackson-core/2.11.1/jackson-core-2.11.1.jar:/home/opc/.m2/repository/org/httpobjects/apache-httpclient-4/x/httpobjects-apache-httpclient-4.x/0.27.0/httpobjects-apache-httpclient-4.x-0.27.0.jar:/home/opc/.m2/repository/org/httpobjects/client/httpobjects-client/0.27.0/httpobjects-client-0.27.0.jar:/home/opc/.m2/repository/org/httpobjects/httpobjects/0.27.0/httpobjects-0.27.0.jar:/home/opc/.m2/repository/junit/junit/4.11/junit-4.11.jar:/home/opc/.m2/repository/org/hamcrest/hamcrest-core/1.3/hamcrest-core-1.3.jar:/home/opc/.m2/repository/org/apache/httpcomponents/httpclient/4.5.9/httpclient-4.5.9.jar:/home/opc/.m2/repository/commons-logging/commons-logging/1.2/commons-logging-1.2.jar:/home/opc/.m2/repository/commons-codec/commons-codec/1.11/commons-codec-1.11.jar:/home/opc/.m2/repository/org/apache/httpcomponents/httpcore/4.4.11/httpcore-4.4.11.jar:/home/opc/.m2/repository/org/apache/tomcat/embed/tomcat-embed-core/9.0.24/tomcat-embed-core-9.0.24.jar:/home/opc/.m2/repository/org/apache/tomcat/tomcat-annotations-api/9.0.24/tomcat-annotations-api-9.0.24.jar:/home/opc/.m2/repository/org/json/json/20190722/json-20190722.jar:/home/opc/.m2/repository/net/sf/opencsv/opencsv/2.3/opencsv-2.3.jar:"/>
    <property name="sun.cpu.endian" value="little"/>
    <property name="user.home" value="/home/opc"/>
    <property name="user.language" value="en"/>
    <property name="java.specification.vendor" value="Oracle Corporation"/>
    <property name="java.version.date" value="2022-02-08"/>
    <property name="java.home" value="/usr/lib/jvm/java-11-openjdk-11.0.14.1.1-1.0.1.el7_9.x86_64"/>
    <property name="file.separator" value="/"/>
    <property name="basedir" value="/home/opc/f1-game-listener/demo"/>
    <property name="java.vm.compressedOopsMode" value="Zero based"/>
    <property name="line.separator" value="&#10;"/>
    <property name="java.specification.name" value="Java Platform API Specification"/>
    <property name="java.vm.specification.vendor" value="Oracle Corporation"/>
    <property name="java.awt.graphicsenv" value="sun.awt.X11GraphicsEnvironment"/>
    <property name="surefire.real.class.path" value="/home/opc/f1-game-listener/demo/target/surefire/surefirebooter2248210601277804654.jar"/>
    <property name="sun.management.compiler" value="HotSpot 64-Bit Tiered Compilers"/>
    <property name="java.runtime.version" value="11.0.14.1+1-LTS"/>
    <property name="user.name" value="opc"/>
    <property name="path.separator" value=":"/>
    <property name="os.version" value="5.4.17-2136.304.4.1.el7uek.x86_64"/>
    <property name="java.runtime.name" value="OpenJDK Runtime Environment"/>
    <property name="file.encoding" value="UTF-8"/>
    <property name="java.vm.name" value="OpenJDK 64-Bit Server VM"/>
    <property name="java.vendor.version" value="18.9"/>
    <property name="localRepository" value="/home/opc/.m2/repository"/>
    <property name="java.vendor.url.bug" value="https://bugzilla.redhat.com/enter_bug.cgi?product=Red%20Hat%20Enterprise%20Linux%207&amp;component=java-11-openjdk"/>
    <property name="java.io.tmpdir" value="/tmp"/>
    <property name="java.version" value="11.0.14.1"/>
    <property name="user.dir" value="/home/opc/f1-game-listener/demo"/>
    <property name="os.arch" value="amd64"/>
    <property name="java.vm.specification.name" value="Java Virtual Machine Specification"/>
    <property name="java.awt.printerjob" value="sun.print.PSPrinterJob"/>
    <property name="sun.os.patch.level" value="unknown"/>
    <property name="java.library.path" value="/usr/java/packages/lib:/usr/lib64:/lib64:/lib:/usr/lib"/>
    <property name="java.vm.info" value="mixed mode, sharing"/>
    <property name="java.vendor" value="Red Hat, Inc."/>
    <property name="java.vm.version" value="11.0.14.1+1-LTS"/>
    <property name="sun.io.unicode.encoding" value="UnicodeLittle"/>
    <property name="java.class.version" value="55.0"/>
  </properties>
  <testcase name="shouldAnswerWithTrue" classname="com.example.AppTest" time="0.003"/>
</testsuite>